make.exe all --print-data-base --no-builtin-variables --no-builtin-rules --question
make: *** No rule to make target 'all'.  Stop.

# GNU Make 4.3
# Built for x86_64-w64-mingw32
# Copyright (C) 1988-2020 Free Software Foundation, Inc.
# License GPLv3+: GNU GPL version 3 or later <http://gnu.org/licenses/gpl.html>
# This is free software: you are free to change and redistribute it.
# There is NO WARRANTY, to the extent permitted by law.
 

# Make data base, printed on Sat May 14 15:41:44 2022

# Variables

# environment
FPS_BROWSER_APP_PROFILE_STRING = Internet Explorer
# environment
SYSTEMDRIVE = C:
# environment
LC_ALL = C
# environment
USERPROFILE = C:\Users\cbarr
# environment
CHROME_EXECUTABLE = C:\Users\cbarr\scoop\apps\googlechrome\current\chrome.exe
# environment
LOCALAPPDATA = C:\Users\cbarr\AppData\Local
# environment
VSCODE_IPC_HOOK_EXTHOST = \\.\pipe\vscode-ipc-133a3cb0-13dd-4a92-8a19-9a192c3cf28a-sock
# environment
VSCODE_CWD =  
C:\Users\cbarr\AppData\Local\Programs\Microsoft VS Code
# environment
SYSTEMROOT = C:\WINDOWS
# environment
PROCESSOR_LEVEL = 23
# environment
PSMODULEPATH = C:\Users\cbarr\scoop\modules;C:\Users\cbarr\Documents\WindowsPowerShell\Modules
# default
MAKE_COMMAND := make.exe
# automatic
@D = $(patsubst %/,%,$(patsubst %\,%,$(dir $@)))
# environment
CHROME_CRASHPAD_PIPE_NAME = \\.\pipe\crashpad_17856_IDAASTCCTMISNNEZ
# environment
MAGICK_CODER_MODULE_PATH = C:\Users\cbarr\scoop\apps\ImageMagick\current\modules\ 
coders
# environment
FPS_BROWSER_USER_PROFILE_STRING = Default
# environment
VSCODE_HANDLES_UNCAUGHT_ERRORS = true
# default
.VARIABLES := 
# automatic
%D = $(patsubst %/,%,$(patsubst %\,%,$(dir $%)))
# automatic
^D = $(patsubst %/,%,$(patsubst %\,%,$(dir $^)))
# environment
VSCODE_LOG_STACK = false
# automatic
%F = $(notdir $%)
# environment
GIT_INSTALL_ROOT = C:\Users\cbarr\scoop\apps\git\current
# environment
VSCODE_CODE_CACHE_PATH = C:\Users\cbarr\AppData\Roaming\Code\CachedData\da15b6fd3ef856477bf6f4fb 
29ba1b7af717770d
# environment
LANG = C
# default
.LOADED := 
# environment
TMP = C:\Users\cbarr\AppData\Local\Temp
# environment
GEM_PATH = C:\Users\cbarr\scoop\apps\ruby\current\gems
# makefile
MAKEFLAGS = pqrR
# environment
ONEDRIVE = C:\Users\cbarr\OneDrive
# makefile
CURDIR := c:/Users/cbarr/OneDrive/Documents/GitHub/SimpleSwitchSync
# environment
VSCODE_PIPE_LOGGING = true
# environment
APPLICATION_INSIGHTS_NO_DIAGNOSTIC_CHANNEL = true
# automatic
*D = $(patsubst %/,%,$(patsubst %\,%,$(dir $*)))
# env 
ironment
PROGRAMFILES = C:\Program Files
# environment
MFLAGS = -pqrR
# default
.SHELLFLAGS := -c
# environment
COMMONPROGRAMW6432 = C:\Program Files\Common Files
# automatic
+D = $(patsubst %/,%,$(patsubst %\,%,$(dir $+)))
# makefile
MAKEFILE_LIST := 
# automatic
@F = $(notdir $@)
# environment
VSCODE_VERBOSE_LOGGING = true
# environment
VSCODE_PID = 17856
# automatic
?D = $(patsubst %/,%,$(patsubst %\,%,$(dir $?)))
# automatic
*F = $(notdir $*)
# automatic
<D = $(patsubst %/,%,$(patsubst %\,%,$(dir $<)))
 
# environment
SCOOP = C:\Users\cbarr\scoop
# environment
VSCODE_NLS_CONFIG = {"locale":"en-us","availableLanguages":{},"_languagePackSupport":true}
# default
MAKE_HOST := x86_64-w64-mingw32
# environment
PROGRAMDATA = C:\ProgramData
# default
SHELL := sh.exe
# environment
HOMEPATH = \Users\cbarr
# default
MAKECMDGOALS := all
# environment
DRIVERDATA = C:\Windows\System32\Drivers\DriverData
# environment
COMSPEC = C:\WINDOWS\system32\cmd.exe
# environment
WINDIR = C:\WINDOWS
# environment
MAKELEVEL := 0
# de 
fault
MAKE = $(MAKE_COMMAND)
# environment
PATH = C:\ProgramData\scoop\shims;C:\WINDOWS\system32;C:\WINDOWS;C:\WINDOWS\System32\Wbem;C:\WINDOWS\System32\WindowsPowerShell\v1.0\;C:\WINDOWS\System32\OpenSSH\;C:\Program Files\dotnet\;C:\metasploit-framework\bin\;C:\Users\cbarr\AppData\Local\TRIGGERcmdAgent\app-1.0.25;%SystemRoot%\system32;%SystemRoot%;%SystemRoot%\System32\Wbem;%SYSTEMROOT%\System32\WindowsPowerShell\v1.0\;%SYSTEMROOT%\System32\OpenSSH\;C:\Users\cbarr\go\bin;C:\Users\cbarr\scoop\apps\mingw-winlibs\current\bin;C:\Users\cbarr\scoop\apps\ImageMagick\current\.;C:\Users\cbarr\scoop\apps\mingw\current\bin;C:\Users\cbarr\scoop\apps\ruby\current\bin;C:\Users\cbarr\scoop\apps\ruby\current\gems\bin;C:\Users\cbarr\scoop\apps\gsudo\current\.;C:\Users\cbarr\scoop\apps\python\current\Scripts;C:\Users\cbarr\scoop\apps\python\current;C:\Users\cbarr\scoop\apps\perl\current\perl\site\bin;C:\Users\cbarr\scoop\apps\perl\current\perl\bin;C:\Users\cbarr\scoop\apps\gsudo\current;C:\Users\cbarr\scoop\shims;C:\Users\cba 
rr\AppData\Local\Microsoft\WindowsApps;C:\Users\cbarr\AppData\Local\Microsoft\WindowsApps;C:\Users\cbarr\AppData\Local\Programs\Microsoft VS Code\bin
# environment
COMPUTERNAME = DADDYPC
# default
MAKEFILES := 
# automatic
^F = $(notdir $^)
# environment
PROMPT = $P$G
# environment
GOROOT = C:\Users\cbarr\scoop\apps\go\current
# environment
MAGICK_CONFIGURE_PATH = C:\Users\cbarr\scoop\apps\ImageMagick\current
# environment
LOGONSERVER = \\DADDYPC
# environment
VSCODE_LOG_NATIVE = false
# environment
USERNAM 
E = cbarr
# environment
COMMONPROGRAMFILES = C:\Program Files\Common Files
# automatic
?F = $(notdir $?)
# environment
PROGRAMW6432 = C:\Program Files
# environment
PATHEXT = .COM;.EXE;.BAT;.CMD;.VBS;.VBE;.JS;.JSE;.WSF;.WSH;.MSC
# automatic
+F = $(notdir $+)
# environment
ORIGINAL_XDG_CURRENT_DESKTOP = undefined
# environment
USERDOMAIN = DADDYPC
# 'override' directive
GNUMAKEFLAGS := 
# environment
OS = Windows_NT
# environment
MAGICK_HOME = C:\Users\cbarr\scoop\apps\ImageMagick\current
# environment
__COM 
PAT_LAYER = DetectorsAppHealth
# makefile
.DEFAULT_GOAL := 
# default
MAKE_VERSION := 4.3
# environment
PROGRAMFILES(X86) = C:\Program Files (x86)
# environment
USERDOMAIN_ROAMINGPROFILE = DADDYPC
# environment
NUMBER_OF_PROCESSORS = 12
# environment
PUBLIC = C:\Users\Public
# environment
APPDATA = C:\Users\cbarr\AppData\Roaming
# environment
GEM_HOME = C:\Users\cbarr\scoop\apps\ruby\current\gems
# environment
HOMEDRIVE = C:
# environment
PROCESSOR_ARCHITECTURE = AMD64
# environment
VSCODE_AMD_ENTRYPOINT =  
vs/workbench/api/node/extensionHostProcess
# environment
COMMONPROGRAMFILES(X86) = C:\Program Files (x86)\Common Files
# environment
ELECTRON_RUN_AS_NODE = 1
# environment
TEMP = C:\Users\cbarr\AppData\Local\Temp
# environment
VSCODE_IPC_HOOK = \\.\pipe\3ef88709b8bc13efe739cfb9159d6dbb-1.67.1-main-sock
# default
.RECIPEPREFIX := 
# automatic
<F = $(notdir $<)
# default
SUFFIXES := 
# environment
ALLUSERSPROFILE = C:\ProgramData
# environment
SESSIONNAME = Console
# default
.FEATURES := target-specific order 
-only second-expansion else-if shortest-stem undefine oneshell nocomment grouped-target extra-prereqs archives jobserver output-sync
# environment
PROCESSOR_REVISION = 7100
# environment
PROCESSOR_IDENTIFIER = AMD64 Family 23 Model 113 Stepping 0, AuthenticAMD
# variable set hash-table stats:
# Load=102/1024=10%, Rehash=0, Collisions=10/125=8%

# Pattern-specific Variable Values

# No pattern-specific variable values.

# Directories

# . (key c:/Users/cbarr/OneDrive/Documents/GitHub/SimpleSwitchSync, mtime  
1652560904): 12 files, no impossibilities.

# 12 files, no impossibilities in 1 directories.

# Implicit Rules

# No implicit rules.

# Files

# Not a target:
all:
#  Command line target.
#  Implicit rule search has been done.
#  File does not exist.
#  File has not been updated.

# Not a target:
.DEFAULT:
#  Implicit rule search has not been done.
#  Modification time never checked.
#  File has not been updated.

# Not a target:
makefile:
#  Implicit rule search has been done.
#  File does not exist.
#  Fi 
le has been updated.
#  Failed to be updated.

# Not a target:
makefile.mak:
#  Implicit rule search has been done.
#  File does not exist.
#  File has been updated.
#  Failed to be updated.

# Not a target:
GNUmakefile:
#  Implicit rule search has been done.
#  File does not exist.
#  File has been updated.
#  Failed to be updated.

# files hash-table stats:
# Load=6/1024=1%, Rehash=0, Collisions=0/16=0%
# VPATH Search Paths

# No 'vpath' search paths.

# No general ('VPATH' variable) search path.

# strca 
che buffers: 1 (0) / strings = 18 / storage = 144 B / avg = 8 B
# current buf: size = 8162 B / used = 144 B / count = 18 / avg = 8 B

# strcache performance: lookups = 21 / hit rate = 14%
# hash-table stats:
# Load=18/8192=0%, Rehash=0, Collisions=1/21=5%
# Finished Make data base on Sat May 14 15:41:44 2022

 
